
                            < M A T L A B (R) >
                  Copyright 1984-2020 The MathWorks, Inc.
              R2020a Update 2 (9.8.0.1380330) 64-bit (glnxa64)
                                May 5, 2020

 
To get started, type doc.
For product information, visit www.mathworks.com.
 

tol =

   1.0000e-14


kernel = 

    "2"


tol_sol =

   1.0000e-08


maxit =

    50


np =

     8


dims =

    16    25    36    49    64    81

N =  256 
condition number estimation of A  : 1.9903e+00 
condition number estimation of ATA: 3.9615e+00 
condition number estimation of A1  : 1.9903e+00 
condition number estimation of ATA1: 3.9615e+00 
err between matrices: 6.6599e-13 

err_app =

   4.9601e-16

hqr_mv err: 4.9601e-16 
hqr_sv err/time: 1.5635e-15/1.6845e-02 (s) 
Solve the equation by PCG with HQR as a preconditioner in    1 iterations, rel error: 1.3165e-15 
Solve the equation by PCG without preconditioners    in   17 iterations, rel error: 3.4400e-09 
N =  625 
condition number estimation of A  : 2.1304e+00 
condition number estimation of ATA: 4.5386e+00 
condition number estimation of A1  : 2.1304e+00 
condition number estimation of ATA1: 4.5386e+00 
err between matrices: 1.0838e-13 

err_app =

   8.1677e-16

hqr_mv err: 8.1677e-16 
hqr_sv err/time: 2.4518e-15/1.0638e-01 (s) 
Solve the equation by PCG with HQR as a preconditioner in    1 iterations, rel error: 2.0376e-15 
Solve the equation by PCG without preconditioners    in   17 iterations, rel error: 9.3158e-09 
N = 1296 
condition number estimation of A  : 2.2237e+00 
condition number estimation of ATA: 4.9450e+00 
condition number estimation of A1  : 2.2237e+00 
condition number estimation of ATA1: 4.9450e+00 
err between matrices: 4.9174e-12 

err_app =

   8.4633e-16

hqr_mv err: 8.4633e-16 
hqr_sv err/time: 3.3523e-15/2.8119e-01 (s) 
Solve the equation by PCG with HQR as a preconditioner in    1 iterations, rel error: 2.7038e-15 
Solve the equation by PCG without preconditioners    in   19 iterations, rel error: 3.6956e-09 
N = 2401 
condition number estimation of A  : 2.2874e+00 
condition number estimation of ATA: 5.2324e+00 
condition number estimation of A1  : 2.2872e+00 
condition number estimation of ATA1: 5.2314e+00 
err between matrices: 9.5745e-04 

err_app =

   1.0592e-15

hqr_mv err: 1.0592e-15 
hqr_sv err/time: 4.5740e-15/2.2681e+00 (s) 
Solve the equation by PCG with HQR as a preconditioner in    1 iterations, rel error: 3.7904e-15 
Solve the equation by PCG without preconditioners    in   19 iterations, rel error: 7.0300e-09 
N = 4096 
condition number estimation of A  : 2.3317e+00 
condition number estimation of ATA: 5.4371e+00 
condition number estimation of A1  : 2.3317e+00 
condition number estimation of ATA1: 5.4371e+00 
err between matrices: 1.2072e-05 

err_app =

   8.1235e-16

hqr_mv err: 8.1235e-16 
hqr_sv err/time: 5.2520e-15/4.2495e+00 (s) 
Solve the equation by PCG with HQR as a preconditioner in    1 iterations, rel error: 4.7950e-15 
Solve the equation by PCG without preconditioners    in   20 iterations, rel error: 4.7957e-09 
N = 6561 
condition number estimation of A  : 2.3638e+00 
condition number estimation of ATA: 5.5875e+00 
condition number estimation of A1  : 2.3638e+00 
condition number estimation of ATA1: 5.5875e+00 
err between matrices: 1.2741e-08 

err_app =

   8.8297e-16

hqr_mv err: 8.8297e-16 
hqr_sv err/time: 8.0494e-15/5.0511e+00 (s) 
Solve the equation by PCG with HQR as a preconditioner in    1 iterations, rel error: 5.9482e-15 
Solve the equation by PCG without preconditioners    in   20 iterations, rel error: 7.0770e-09 
