
                            < M A T L A B (R) >
                  Copyright 1984-2019 The MathWorks, Inc.
              R2019a Update 1 (9.6.0.1099231) 64-bit (glnxa64)
                               April 12, 2019

 
To get started, type doc.
For product information, visit www.mathworks.com.
 

tol =

   1.0000e-07


fun_name = 

    "fun4"


tol_sol =

   1.0000e-08


maxit =

    50


np =

     8


dims =

    16    25    36    49    64    81


rank_or_tol =

    64

N =  256 
condition number estimation of A  : 7.4631e+16 
condition number estimation of ATA: 3.5472e+17 
condition number estimation of A1  : 1.4590e+17 
condition number estimation of ATA1: 6.0837e+17 
err between matrices: 1.7992e-09 
rank of hif:     64 
hifie_mv err: 9.9863e-02 
hifie_sv err/time: 2.4166e+01/4.3762e-02 (s) 
Solve the equation by PCG with F as a preconditioner in    0 iterations, rel error: 1.0000e+00 
Solve the equation by PCG without preconditioners    in    3 iterations, rel error: 4.5023e-01 

rank_or_tol =

    72

N =  625 
condition number estimation of A  : 4.6855e+16 
condition number estimation of ATA: 2.4504e+18 
condition number estimation of A1  : 6.0072e+16 
condition number estimation of ATA1: 4.4507e+18 
err between matrices: 1.8561e-07 
rank of hif:     72 
hifie_mv err: 1.6235e-01 
hifie_sv err/time: 1.6137e+01/6.7834e-02 (s) 
Solve the equation by PCG with F as a preconditioner in   13 iterations, rel error: 7.3399e-01 
Solve the equation by PCG without preconditioners    in    1 iterations, rel error: 4.1921e-01 

rank_or_tol =

    80

N = 1296 
condition number estimation of A  : 7.9784e+17 
condition number estimation of ATA: 4.0393e+18 
condition number estimation of A1  : 1.0267e+17 
condition number estimation of ATA1: 1.0376e+19 
err between matrices: 3.3401e-02 
rank of hif:     80 
hifie_mv err: 1.5974e-01 
hifie_sv err/time: 1.4015e+01/1.6938e-01 (s) 
Solve the equation by PCG with F as a preconditioner in    8 iterations, rel error: 6.0355e-01 
Solve the equation by PCG without preconditioners    in    1 iterations, rel error: 3.9825e-01 

rank_or_tol =

    88

N = 2401 
condition number estimation of A  : 4.3915e+17 
condition number estimation of ATA: 1.3757e+19 
condition number estimation of A1  : 3.8673e+16 
condition number estimation of ATA1: 9.5084e+18 
err between matrices: 1.5832e-06 
rank of hif:     88 
hifie_mv err: 1.6561e-01 
hifie_sv err/time: 2.4676e+00/2.4332e-01 (s) 
Solve the equation by PCG with F as a preconditioner in    5 iterations, rel error: 6.3549e-01 
Solve the equation by PCG without preconditioners    in    1 iterations, rel error: 5.7565e-01 

rank_or_tol =

    96

N = 4096 
condition number estimation of A  : 3.8378e+18 
condition number estimation of ATA: 5.3767e+19 
condition number estimation of A1  : 1.4167e+17 
condition number estimation of ATA1: 1.9752e+19 
err between matrices: 1.2138e-04 
rank of hif:     96 
hifie_mv err: 1.8190e-01 
hifie_sv err/time: 3.7073e+00/5.8616e-01 (s) 
Solve the equation by PCG with F as a preconditioner in    2 iterations, rel error: 5.0636e-01 
Solve the equation by PCG without preconditioners    in    1 iterations, rel error: 4.3098e-01 

rank_or_tol =

    96

N = 6561 
condition number estimation of A  : 1.7174e+19 
condition number estimation of ATA: 4.4475e+20 
condition number estimation of A1  : 3.0353e+17 
condition number estimation of ATA1: 5.5531e+19 
err between matrices: 2.2986e+00 
rank of hif:     96 
hifie_mv err: 5.0071e-02 
hifie_sv err/time: 6.2269e+00/2.9346e-02 (s) 
Solve the equation by PCG with F as a preconditioner in    0 iterations, rel error: 1.0000e+00 
Solve the equation by PCG without preconditioners    in    0 iterations, rel error: 1.0000e+00 
