
                            < M A T L A B (R) >
                  Copyright 1984-2019 The MathWorks, Inc.
              R2019a Update 1 (9.6.0.1099231) 64-bit (glnxa64)
                               April 12, 2019

 
To get started, type doc.
For product information, visit www.mathworks.com.
 

tol =

   1.0000e-07


fun_name = 

    "fun5"


rank_or_tol =

   1.0000e-03


tol_sol =

   1.0000e-08


maxit =

    50


np =

     8


dims =

    16    25    36    49    64    81

N =  256 
condition number estimation of A  : 1.0401e+00 
condition number estimation of ATA: 1.0818e+00 
condition number estimation of A1  : 1.0401e+00 
condition number estimation of ATA1: 1.0818e+00 
err between matrices: 1.9870e-08 
rank of hif:     18 
hifie_mv err: 3.7569e-06 
hifie_sv err/time: 1.7696e-06/2.4199e-02 (s) 
Solve the equation by PCG with F as a preconditioner in    2 iterations, rel error: 6.1726e-12 
Solve the equation by PCG without preconditioners    in    5 iterations, rel error: 2.4401e-09 
N =  625 
condition number estimation of A  : 1.0401e+00 
condition number estimation of ATA: 1.0818e+00 
condition number estimation of A1  : 1.0401e+00 
condition number estimation of ATA1: 1.0818e+00 
err between matrices: 4.6782e-08 
rank of hif:     27 
hifie_mv err: 3.7781e-06 
hifie_sv err/time: 2.0556e-06/3.3180e-03 (s) 
Solve the equation by PCG with F as a preconditioner in    2 iterations, rel error: 6.6328e-12 
Solve the equation by PCG without preconditioners    in    5 iterations, rel error: 2.3783e-09 
N = 1296 
condition number estimation of A  : 1.0401e+00 
condition number estimation of ATA: 1.0818e+00 
condition number estimation of A1  : 1.0401e+00 
condition number estimation of ATA1: 1.0818e+00 
err between matrices: 2.9714e-08 
rank of hif:     37 
hifie_mv err: 5.6373e-06 
hifie_sv err/time: 2.9471e-06/1.8227e-02 (s) 
Solve the equation by PCG with F as a preconditioner in    2 iterations, rel error: 8.2380e-12 
Solve the equation by PCG without preconditioners    in    5 iterations, rel error: 2.1702e-09 
N = 2401 
condition number estimation of A  : 1.0401e+00 
condition number estimation of ATA: 1.0818e+00 
condition number estimation of A1  : 1.0401e+00 
condition number estimation of ATA1: 1.0818e+00 
err between matrices: 4.8328e-08 
rank of hif:     52 
hifie_mv err: 3.7811e-06 
hifie_sv err/time: 2.1969e-06/4.0991e-02 (s) 
Solve the equation by PCG with F as a preconditioner in    2 iterations, rel error: 6.7013e-12 
Solve the equation by PCG without preconditioners    in    5 iterations, rel error: 2.2438e-09 
N = 4096 
condition number estimation of A  : 1.0401e+00 
condition number estimation of ATA: 1.0818e+00 
condition number estimation of A1  : 1.0401e+00 
condition number estimation of ATA1: 1.0818e+00 
err between matrices: 4.3952e-08 
rank of hif:     66 
hifie_mv err: 3.7780e-06 
hifie_sv err/time: 1.8748e-06/4.4094e-02 (s) 
Solve the equation by PCG with F as a preconditioner in    2 iterations, rel error: 6.2216e-12 
Solve the equation by PCG without preconditioners    in    5 iterations, rel error: 2.2087e-09 
N = 6561 
condition number estimation of A  : 1.0401e+00 
condition number estimation of ATA: 1.0818e+00 
condition number estimation of A1  : 1.0401e+00 
condition number estimation of ATA1: 1.0818e+00 
err between matrices: 8.0147e-08 
rank of hif:     83 
hifie_mv err: 3.7859e-06 
hifie_sv err/time: 2.3606e-06/1.1971e-01 (s) 
Solve the equation by PCG with F as a preconditioner in    2 iterations, rel error: 7.0394e-12 
Solve the equation by PCG without preconditioners    in    5 iterations, rel error: 2.1898e-09 
