
                            < M A T L A B (R) >
                  Copyright 1984-2019 The MathWorks, Inc.
              R2019a Update 1 (9.6.0.1099231) 64-bit (glnxa64)
                               April 12, 2019

 
To get started, type doc.
For product information, visit www.mathworks.com.
 

tol =

   1.0000e-13


fun_name = 

    "fun1"


rank_or_tol =

   1.0000e-03


tol_sol =

   1.0000e-08


maxit =

    50


dims =

    16    25    36    49    64    81

N =  256 
condition number estimation of A  : 1.4117e+00 
condition number estimation of ATA: 1.9928e+00 
condition number estimation of A1  : 1.4117e+00 
condition number estimation of ATA1: 1.9928e+00 
err between matrices: 3.7805e-13 
rank of hif:     72 
hifie_mv err: 4.6860e-16 
hifie_sv err/time: 4.0503e-13/4.1734e-03 (s) 
Solve the equation by PCG with F as a preconditioner in    1 iterations, rel error: 8.1016e-16 
Solve the equation by PCG without preconditioners    in   10 iterations, rel error: 9.3295e-09 
N =  625 
condition number estimation of A  : 1.4540e+00 
condition number estimation of ATA: 2.1140e+00 
condition number estimation of A1  : 1.4540e+00 
condition number estimation of ATA1: 2.1140e+00 
err between matrices: 7.8805e-14 
rank of hif:    150 
hifie_mv err: 1.0911e-06 
hifie_sv err/time: 2.6621e-07/2.7514e-03 (s) 
Solve the equation by PCG with F as a preconditioner in    2 iterations, rel error: 3.4099e-13 
Solve the equation by PCG without preconditioners    in   11 iterations, rel error: 4.7878e-09 
N = 1296 
condition number estimation of A  : 1.4783e+00 
condition number estimation of ATA: 2.1855e+00 
condition number estimation of A1  : 1.4783e+00 
condition number estimation of ATA1: 2.1855e+00 
err between matrices: 2.8659e-12 
rank of hif:    238 
hifie_mv err: 5.3198e-07 
hifie_sv err/time: 1.4466e-07/3.4630e-03 (s) 
Solve the equation by PCG with F as a preconditioner in    2 iterations, rel error: 8.5670e-14 
Solve the equation by PCG without preconditioners    in   11 iterations, rel error: 8.1950e-09 
N = 2401 
condition number estimation of A  : 1.4931e+00 
condition number estimation of ATA: 2.2293e+00 
condition number estimation of A1  : 1.4931e+00 
condition number estimation of ATA1: 2.2293e+00 
err between matrices: 4.7326e-04 
rank of hif:    625 
hifie_mv err: 1.9465e-15 
hifie_sv err/time: 4.8411e-04/1.7769e-02 (s) 
Solve the equation by PCG with F as a preconditioner in    1 iterations, rel error: 2.7144e-15 
Solve the equation by PCG without preconditioners    in   12 iterations, rel error: 2.0339e-09 
N = 4096 
condition number estimation of A  : 1.5025e+00 
condition number estimation of ATA: 2.2575e+00 
condition number estimation of A1  : 1.5025e+00 
condition number estimation of ATA1: 2.2575e+00 
err between matrices: 1.3712e-05 
rank of hif:   1056 
hifie_mv err: 2.3217e-15 
hifie_sv err/time: 1.3107e-05/3.9133e-02 (s) 
Solve the equation by PCG with F as a preconditioner in    1 iterations, rel error: 3.2869e-15 
Solve the equation by PCG without preconditioners    in   12 iterations, rel error: 2.2750e-09 
N = 6561 
condition number estimation of A  : 1.5088e+00 
condition number estimation of ATA: 2.2765e+00 
condition number estimation of A1  : 1.5088e+00 
condition number estimation of ATA1: 2.2765e+00 
err between matrices: 2.3321e-08 
rank of hif:    618 
hifie_mv err: 2.1780e-07 
hifie_sv err/time: 4.4024e-08/3.3934e-02 (s) 
Solve the equation by PCG with F as a preconditioner in    2 iterations, rel error: 5.6821e-15 
Solve the equation by PCG without preconditioners    in   12 iterations, rel error: 2.4716e-09 
