
                            < M A T L A B (R) >
                  Copyright 1984-2019 The MathWorks, Inc.
              R2019a Update 1 (9.6.0.1099231) 64-bit (glnxa64)
                               April 12, 2019

 
To get started, type doc.
For product information, visit www.mathworks.com.
 

tol =

   1.0000e-10


func_name =

    'fun5'


rank_or_tol =

   1.0000e-06


dims =

     4     5     6     7

N =  256 
condition number estimation of A  : 2.5600e+02 
condition number estimation of ATA: 1.1775e+00 
condition number estimation of A1  : 2.5600e+02 
condition number estimation of ATA1: 1.1772e+00 
err between matrices: 1.6049e-11 
rank of hif:     37 
hifie_mv err: 5.5459e-08 
hifie_sv err/time: 1.8096e-08/6.8738e-03 (s) 
N = 1024 
condition number estimation of A  : 1.0240e+03 
condition number estimation of ATA: 1.1772e+00 
condition number estimation of A1  : 1.0240e+03 
condition number estimation of ATA1: 1.1772e+00 
err between matrices: 2.6998e-11 
rank of hif:     68 
hifie_mv err: 6.2914e-08 
hifie_sv err/time: 1.8159e-08/4.6100e-03 (s) 
N = 4096 
condition number estimation of A  : 4.0960e+03 
condition number estimation of ATA: 1.1772e+00 
condition number estimation of A1  : 4.0960e+03 
condition number estimation of ATA1: 1.1775e+00 
err between matrices: 2.8332e-08 
rank of hif:    133 
hifie_mv err: 5.5050e-07 
hifie_sv err/time: 3.6309e-08/2.1038e-02 (s) 
N = 16384 
condition number estimation of A  : 1.6384e+04 
condition number estimation of ATA: 1.1775e+00 
condition number estimation of A1  : 1.6384e+04 
condition number estimation of ATA1: 1.1775e+00 
err between matrices: 1.8378e-08 
rank of hif:    259 
hifie_mv err: 6.7425e-07 
hifie_sv err/time: 2.4372e-08/3.5991e-02 (s) 
