
                            < M A T L A B (R) >
                  Copyright 1984-2019 The MathWorks, Inc.
              R2019a Update 1 (9.6.0.1099231) 64-bit (glnxa64)
                               April 12, 2019

 
To get started, type doc.
For product information, visit www.mathworks.com.
 

tol =

   1.0000e-07


fun_name = 

    "fun5"


tol_sol =

   1.0000e-08


maxit =

    50


np =

     8


dims =

    16    25    36    49    64    81


rank_or_tol =

    64

N =  256 
condition number estimation of A  : 1.0401e+00 
condition number estimation of ATA: 1.0818e+00 
condition number estimation of A1  : 1.0401e+00 
condition number estimation of ATA1: 1.0818e+00 
err between matrices: 1.9870e-08 
rank of hif:     64 
hifie_mv err: 1.0927e-08 
hifie_sv err/time: 1.9337e-08/5.3680e-02 (s) 
Solve the equation by PCG with F as a preconditioner in    1 iterations, rel error: 1.8995e-09 
Solve the equation by PCG without preconditioners    in    5 iterations, rel error: 2.4401e-09 

rank_or_tol =

    72

N =  625 
condition number estimation of A  : 1.0401e+00 
condition number estimation of ATA: 1.0818e+00 
condition number estimation of A1  : 1.0401e+00 
condition number estimation of ATA1: 1.0818e+00 
err between matrices: 4.6782e-08 
rank of hif:     72 
hifie_mv err: 5.1062e-06 
hifie_sv err/time: 5.2226e-07/4.4784e-02 (s) 
Solve the equation by PCG with F as a preconditioner in    2 iterations, rel error: 1.9176e-12 
Solve the equation by PCG without preconditioners    in    5 iterations, rel error: 2.3783e-09 

rank_or_tol =

    80

N = 1296 
condition number estimation of A  : 1.0401e+00 
condition number estimation of ATA: 1.0818e+00 
condition number estimation of A1  : 1.0401e+00 
condition number estimation of ATA1: 1.0818e+00 
err between matrices: 2.9714e-08 
rank of hif:     80 
hifie_mv err: 7.5875e-06 
hifie_sv err/time: 7.4380e-07/2.1475e-01 (s) 
Solve the equation by PCG with F as a preconditioner in    2 iterations, rel error: 4.9661e-12 
Solve the equation by PCG without preconditioners    in    5 iterations, rel error: 2.1702e-09 

rank_or_tol =

    88

N = 2401 
condition number estimation of A  : 1.0401e+00 
condition number estimation of ATA: 1.0818e+00 
condition number estimation of A1  : 1.0401e+00 
condition number estimation of ATA1: 1.0818e+00 
err between matrices: 4.8328e-08 
rank of hif:     88 
hifie_mv err: 3.8000e-06 
hifie_sv err/time: 5.4379e-07/2.0329e-01 (s) 
Solve the equation by PCG with F as a preconditioner in    2 iterations, rel error: 1.8375e-12 
Solve the equation by PCG without preconditioners    in    5 iterations, rel error: 2.2438e-09 

rank_or_tol =

    96

N = 4096 
condition number estimation of A  : 1.0401e+00 
condition number estimation of ATA: 1.0818e+00 
condition number estimation of A1  : 1.0401e+00 
condition number estimation of ATA1: 1.0818e+00 
err between matrices: 4.3952e-08 
rank of hif:     96 
hifie_mv err: 3.0852e-05 
hifie_sv err/time: 2.1256e-06/4.8601e-01 (s) 
Solve the equation by PCG with F as a preconditioner in    2 iterations, rel error: 4.5048e-11 
Solve the equation by PCG without preconditioners    in    5 iterations, rel error: 2.2087e-09 

rank_or_tol =

    96

N = 6561 
condition number estimation of A  : 1.0401e+00 
condition number estimation of ATA: 1.0818e+00 
condition number estimation of A1  : 1.0401e+00 
condition number estimation of ATA1: 1.0818e+00 
err between matrices: 8.0147e-08 
rank of hif:     96 
hifie_mv err: 4.9609e-05 
hifie_sv err/time: 1.6611e-06/3.4312e-01 (s) 
Solve the equation by PCG with F as a preconditioner in    2 iterations, rel error: 6.7902e-11 
Solve the equation by PCG without preconditioners    in    5 iterations, rel error: 2.1898e-09 
