
                            < M A T L A B (R) >
                  Copyright 1984-2019 The MathWorks, Inc.
              R2019a Update 1 (9.6.0.1099231) 64-bit (glnxa64)
                               April 12, 2019

 
To get started, type doc.
For product information, visit www.mathworks.com.
 

tol =

   1.0000e-13


func_name =

    'fun1'


rank_or_tol =

   1.0000e-12


dims =

     4     5     6     7

N =  256 
condition number estimation of A  : 1.0354e+17 
condition number estimation of ATA: 6.3637e+18 
condition number estimation of A1  : 7.8867e+16 
err between matrices: 2.3480e-14 
hifie_mv err: 2.6746e-16 
hifie_sv err/time: 6.3437e+00/4.1564e-03 (s) 
N = 1024 
condition number estimation of A  : 2.5390e+17 
condition number estimation of ATA: 8.8093e+19 
condition number estimation of A1  : 2.8496e+17 
err between matrices: 3.1577e-14 
hifie_mv err: 1.1677e-15 
hifie_sv err/time: 8.3799e+01/2.9784e-03 (s) 
N = 4096 
condition number estimation of A  : 2.3346e+18 
condition number estimation of ATA: 1.2994e+20 
condition number estimation of A1  : 2.3821e+18 
err between matrices: 3.2093e-10 
hifie_mv err: 4.4652e-15 
hifie_sv err/time: 2.3599e+02/9.6395e-02 (s) 
N = 16384 
condition number estimation of A  : 5.2767e+18 
condition number estimation of ATA: 2.4394e+21 
condition number estimation of A1  : 3.8436e+18 
err between matrices: 1.9183e-07 
hifie_mv err: 1.5980e-14 
hifie_sv err/time: 7.6092e+02/6.1635e-01 (s) 
