
                            < M A T L A B (R) >
                  Copyright 1984-2019 The MathWorks, Inc.
              R2019a Update 1 (9.6.0.1099231) 64-bit (glnxa64)
                               April 12, 2019

 
To get started, type doc.
For product information, visit www.mathworks.com.
 

tol =

   1.0000e-07


fun_name = 

    "fun2"


tol_sol =

   1.0000e-08


maxit =

    50


np =

     8


dims =

    16    25    36    49    64    81


rank_or_tol =

    64

N =  256 
condition number estimation of A  : 4.7397e+07 
condition number estimation of ATA: 2.1298e+15 
condition number estimation of A1  : 4.7216e+07 
condition number estimation of ATA1: 2.6842e+15 
err between matrices: 1.1100e-08 
rank of hif:     64 
hifie_mv err: 1.2106e-08 
hifie_sv err/time: 2.6151e+04/7.0446e-02 (s) 
[Warning: Input tol may not be achievable by PCG
         Try to use a bigger tolerance] 
[> In pcg (line 266)
  In FIOs_1D_inverse (line 133)] 
Solve the equation by PCG with F as a preconditioner in   14 iterations, rel error: 4.6737e-03 
Solve the equation by PCG without preconditioners    in   48 iterations, rel error: 1.5806e-02 

rank_or_tol =

    72

N =  625 
condition number estimation of A  : 3.6163e+10 
condition number estimation of ATA: 4.2990e+16 
condition number estimation of A1  : 4.3495e+15 
condition number estimation of ATA1: 4.1994e+16 
err between matrices: 4.0003e-08 
rank of hif:     72 
hifie_mv err: 7.8523e-08 
hifie_sv err/time: 6.4132e+06/4.0058e-02 (s) 
Solve the equation by PCG with F as a preconditioner in    0 iterations, rel error: 1.0000e+00 
Solve the equation by PCG without preconditioners    in    2 iterations, rel error: 1.4901e-01 

rank_or_tol =

    80

N = 1296 
condition number estimation of A  : 2.2824e+15 
condition number estimation of ATA: 7.1369e+16 
condition number estimation of A1  : 1.2309e+15 
condition number estimation of ATA1: 9.7446e+16 
err between matrices: 4.9867e-08 
rank of hif:     80 
hifie_mv err: 3.6657e-05 
hifie_sv err/time: 5.8627e+01/1.9579e-01 (s) 
Solve the equation by PCG with F as a preconditioner in    0 iterations, rel error: 1.0000e+00 
Solve the equation by PCG without preconditioners    in    2 iterations, rel error: 1.9735e-01 

rank_or_tol =

    88

N = 2401 
condition number estimation of A  : 1.4911e+14 
condition number estimation of ATA: 3.0397e+17 
condition number estimation of A1  : 2.0784e+15 
condition number estimation of ATA1: 4.2176e+17 
err between matrices: 4.5298e-08 
rank of hif:     88 
hifie_mv err: 3.2927e-02 
hifie_sv err/time: 1.0408e+01/2.6001e-01 (s) 
Solve the equation by PCG with F as a preconditioner in    0 iterations, rel error: 1.0000e+00 
Solve the equation by PCG without preconditioners    in    2 iterations, rel error: 9.6268e-02 

rank_or_tol =

    96

N = 4096 
condition number estimation of A  : 2.9997e+16 
condition number estimation of ATA: 1.1192e+17 
condition number estimation of A1  : 2.5133e+15 
condition number estimation of ATA1: 9.4894e+16 
err between matrices: 4.4063e-08 
rank of hif:     96 
hifie_mv err: 6.3162e-01 
hifie_sv err/time: 9.7050e+00/4.7489e-01 (s) 
Solve the equation by PCG with F as a preconditioner in    0 iterations, rel error: 1.0000e+00 
Solve the equation by PCG without preconditioners    in    1 iterations, rel error: 3.0659e-01 

rank_or_tol =

    96

N = 6561 
condition number estimation of A  : 7.6014e+16 
condition number estimation of ATA: 1.3313e+17 
condition number estimation of A1  : 3.4083e+15 
condition number estimation of ATA1: 9.8572e+16 
err between matrices: 1.2360e-07 
rank of hif:     96 
hifie_mv err: 1.4499e+00 
hifie_sv err/time: 1.0948e+01/3.6233e-01 (s) 
Solve the equation by PCG with F as a preconditioner in    2 iterations, rel error: 9.6515e-01 
Solve the equation by PCG without preconditioners    in    1 iterations, rel error: 3.1116e-01 
