
                            < M A T L A B (R) >
                  Copyright 1984-2019 The MathWorks, Inc.
              R2019a Update 1 (9.6.0.1099231) 64-bit (glnxa64)
                               April 12, 2019

 
To get started, type doc.
For product information, visit www.mathworks.com.
 

tol =

   1.0000e-13


fun_name = 

    "fun1"


tol_sol =

   1.0000e-08


maxit =

    50


dims =

    16    25    36    49    64    81


rank_or_tol =

    64

N =  256 
condition number estimation of A  : 1.4117e+00 
condition number estimation of ATA: 1.9928e+00 
condition number estimation of A1  : 1.4117e+00 
condition number estimation of ATA1: 1.9928e+00 
err between matrices: 3.7805e-13 
rank of hif:     64 
hifie_mv err: 1.5142e-04 
hifie_sv err/time: 3.0037e-05/5.5240e-03 (s) 
Solve the equation by PCG with F as a preconditioner in    2 iterations, rel error: 4.6138e-09 
Solve the equation by PCG without preconditioners    in   10 iterations, rel error: 9.3295e-09 

rank_or_tol =

    72

N =  625 
condition number estimation of A  : 1.4540e+00 
condition number estimation of ATA: 2.1140e+00 
condition number estimation of A1  : 1.4540e+00 
condition number estimation of ATA1: 2.1140e+00 
err between matrices: 7.8805e-14 
rank of hif:     72 
hifie_mv err: 2.3749e-03 
hifie_sv err/time: 3.9225e-04/1.0742e-03 (s) 
Solve the equation by PCG with F as a preconditioner in    3 iterations, rel error: 2.2359e-09 
Solve the equation by PCG without preconditioners    in   11 iterations, rel error: 4.7878e-09 

rank_or_tol =

    80

N = 1296 
condition number estimation of A  : 1.4783e+00 
condition number estimation of ATA: 2.1855e+00 
condition number estimation of A1  : 1.4783e+00 
condition number estimation of ATA1: 2.1855e+00 
err between matrices: 2.8659e-12 
rank of hif:     80 
hifie_mv err: 6.6747e-03 
hifie_sv err/time: 1.5552e-03/3.1624e-03 (s) 
Solve the equation by PCG with F as a preconditioner in    4 iterations, rel error: 2.8455e-10 
Solve the equation by PCG without preconditioners    in   11 iterations, rel error: 8.1950e-09 

rank_or_tol =

    88

N = 2401 
condition number estimation of A  : 1.4931e+00 
condition number estimation of ATA: 2.2293e+00 
condition number estimation of A1  : 1.4931e+00 
condition number estimation of ATA1: 2.2293e+00 
err between matrices: 4.7326e-04 
rank of hif:     88 
hifie_mv err: 2.8095e-02 
hifie_sv err/time: 3.6387e-03/5.5008e-03 (s) 
Solve the equation by PCG with F as a preconditioner in    5 iterations, rel error: 1.1175e-09 
Solve the equation by PCG without preconditioners    in   12 iterations, rel error: 2.0339e-09 

rank_or_tol =

    96

N = 4096 
condition number estimation of A  : 1.5025e+00 
condition number estimation of ATA: 2.2575e+00 
condition number estimation of A1  : 1.5025e+00 
condition number estimation of ATA1: 2.2575e+00 
err between matrices: 1.3712e-05 
rank of hif:     96 
hifie_mv err: 4.0260e-02 
hifie_sv err/time: 6.1327e-03/3.8715e-02 (s) 
Solve the equation by PCG with F as a preconditioner in    5 iterations, rel error: 6.9027e-09 
Solve the equation by PCG without preconditioners    in   12 iterations, rel error: 2.2750e-09 

rank_or_tol =

    96

N = 6561 
condition number estimation of A  : 1.5088e+00 
condition number estimation of ATA: 2.2765e+00 
condition number estimation of A1  : 1.5088e+00 
condition number estimation of ATA1: 2.2765e+00 
err between matrices: 2.3321e-08 
rank of hif:     96 
hifie_mv err: 6.3749e-02 
hifie_sv err/time: 9.3773e-03/2.5406e-02 (s) 
Solve the equation by PCG with F as a preconditioner in    6 iterations, rel error: 3.4127e-09 
Solve the equation by PCG without preconditioners    in   12 iterations, rel error: 2.4716e-09 
