
                            < M A T L A B (R) >
                  Copyright 1984-2019 The MathWorks, Inc.
              R2019a Update 1 (9.6.0.1099231) 64-bit (glnxa64)
                               April 12, 2019

 
To get started, type doc.
For product information, visit www.mathworks.com.
 

tol =

   1.0000e-07


fun_name = 

    "fun2"


rank_or_tol =

   1.0000e-06


tol_sol =

   1.0000e-08


maxit =

    50


np =

     8


dims =

    16    25    36    49    64    81

N =  256 
condition number estimation of A  : 4.7397e+07 
condition number estimation of ATA: 2.1298e+15 
condition number estimation of A1  : 4.7216e+07 
condition number estimation of ATA1: 2.6842e+15 
err between matrices: 1.1100e-08 
rank of hif:     39 
hifie_mv err: 3.6082e-07 
hifie_sv err/time: 5.5818e+00/1.0209e-02 (s) 
Solve the equation by PCG with F as a preconditioner in   50 iterations, rel error: 5.8919e-05 
Solve the equation by PCG without preconditioners    in   48 iterations, rel error: 1.5806e-02 
N =  625 
condition number estimation of A  : 3.6163e+10 
condition number estimation of ATA: 4.2990e+16 
condition number estimation of A1  : 4.3495e+15 
condition number estimation of ATA1: 4.1994e+16 
err between matrices: 4.0003e-08 
rank of hif:     70 
hifie_mv err: 3.2099e-07 
hifie_sv err/time: 1.4768e+00/2.4162e-03 (s) 
Solve the equation by PCG with F as a preconditioner in    0 iterations, rel error: 1.0000e+00 
Solve the equation by PCG without preconditioners    in    2 iterations, rel error: 1.4901e-01 
N = 1296 
condition number estimation of A  : 2.2824e+15 
condition number estimation of ATA: 7.1369e+16 
condition number estimation of A1  : 1.2309e+15 
condition number estimation of ATA1: 9.7446e+16 
err between matrices: 4.9867e-08 
rank of hif:    100 
hifie_mv err: 4.1209e-07 
hifie_sv err/time: 3.4273e+00/4.3198e-03 (s) 
Solve the equation by PCG with F as a preconditioner in    0 iterations, rel error: 1.0000e+00 
Solve the equation by PCG without preconditioners    in    2 iterations, rel error: 1.9735e-01 
N = 2401 
condition number estimation of A  : 1.4911e+14 
condition number estimation of ATA: 3.0397e+17 
condition number estimation of A1  : 2.0784e+15 
condition number estimation of ATA1: 4.2176e+17 
err between matrices: 4.5298e-08 
rank of hif:    168 
hifie_mv err: 5.9595e-07 
hifie_sv err/time: 7.8132e+00/1.6668e-02 (s) 
Solve the equation by PCG with F as a preconditioner in    1 iterations, rel error: 9.5723e-01 
Solve the equation by PCG without preconditioners    in    2 iterations, rel error: 9.6268e-02 
N = 4096 
condition number estimation of A  : 2.9997e+16 
condition number estimation of ATA: 1.1192e+17 
condition number estimation of A1  : 2.5133e+15 
condition number estimation of ATA1: 9.4894e+16 
err between matrices: 4.4063e-08 
rank of hif:    216 
hifie_mv err: 6.5987e-07 
hifie_sv err/time: 2.2074e+01/5.3521e-02 (s) 
Solve the equation by PCG with F as a preconditioner in    0 iterations, rel error: 1.0000e+00 
Solve the equation by PCG without preconditioners    in    1 iterations, rel error: 3.0659e-01 
N = 6561 
condition number estimation of A  : 7.6014e+16 
condition number estimation of ATA: 1.3313e+17 
condition number estimation of A1  : 3.4083e+15 
condition number estimation of ATA1: 9.8572e+16 
err between matrices: 1.2360e-07 
rank of hif:    394 
hifie_mv err: 1.5152e-06 
hifie_sv err/time: 2.4005e+01/8.6662e-02 (s) 
Solve the equation by PCG with F as a preconditioner in    0 iterations, rel error: 1.0000e+00 
Solve the equation by PCG without preconditioners    in    1 iterations, rel error: 3.1116e-01 
