
                            < M A T L A B (R) >
                  Copyright 1984-2019 The MathWorks, Inc.
              R2019a Update 1 (9.6.0.1099231) 64-bit (glnxa64)
                               April 12, 2019

 
To get started, type doc.
For product information, visit www.mathworks.com.
 

tol =

   1.0000e-13


fun_name = 

    "fun4"


tol_sol =

   1.0000e-08


maxit =

    50


dims =

    16    25    36    49    64    81


rank_or_tol =

    64

N =  256 
condition number estimation of A  : 2.5053e+02 
condition number estimation of ATA: 6.2765e+04 
condition number estimation of A1  : 2.5053e+02 
condition number estimation of ATA1: 6.2765e+04 
err between matrices: 1.5557e-12 
rank of hif:     64 
hifie_mv err: 2.9919e-02 
hifie_sv err/time: 5.4117e+01/1.0423e-02 (s) 
Solve the equation by PCG with F as a preconditioner in   27 iterations, rel error: 3.1304e-09 
Solve the equation by PCG without preconditioners    in   50 iterations, rel error: 3.8826e-01 

rank_or_tol =

    72

N =  625 
condition number estimation of A  : 3.4011e+03 
condition number estimation of ATA: 1.1568e+07 
condition number estimation of A1  : 3.4011e+03 
condition number estimation of ATA1: 1.1568e+07 
err between matrices: 6.7761e-14 
rank of hif:     72 
hifie_mv err: 9.5946e-02 
hifie_sv err/time: 5.8317e+00/2.7638e-03 (s) 
Solve the equation by PCG with F as a preconditioner in    0 iterations, rel error: 1.0000e+00 
Solve the equation by PCG without preconditioners    in    5 iterations, rel error: 7.8271e-01 

rank_or_tol =

    80

N = 1296 
condition number estimation of A  : 1.4917e+05 
condition number estimation of ATA: 2.2252e+10 
condition number estimation of A1  : 1.4917e+05 
condition number estimation of ATA1: 2.2252e+10 
err between matrices: 1.4039e-11 
rank of hif:     80 
hifie_mv err: 1.3625e-01 
hifie_sv err/time: 3.2884e+02/4.3724e-03 (s) 
Solve the equation by PCG with F as a preconditioner in    0 iterations, rel error: 1.0000e+00 
Solve the equation by PCG without preconditioners    in    7 iterations, rel error: 9.2996e-01 

rank_or_tol =

    88

N = 2401 
condition number estimation of A  : 6.1438e+06 
condition number estimation of ATA: 3.7745e+13 
condition number estimation of A1  : 2.2427e+07 
condition number estimation of ATA1: 5.0463e+14 
err between matrices: 8.8642e-03 
rank of hif:     88 
hifie_mv err: 1.5602e-01 
hifie_sv err/time: 1.8200e+01/6.4219e-02 (s) 
Solve the equation by PCG with F as a preconditioner in    0 iterations, rel error: 1.0000e+00 
Solve the equation by PCG without preconditioners    in    5 iterations, rel error: 9.5320e-01 

rank_or_tol =

    96

N = 4096 
condition number estimation of A  : 2.0294e+08 
condition number estimation of ATA: 7.3618e+16 
condition number estimation of A1  : 1.0099e+09 
condition number estimation of ATA1: 1.4477e+18 
err between matrices: 6.4850e-04 
rank of hif:     96 
hifie_mv err: 1.7382e-01 
hifie_sv err/time: 1.2028e+02/1.7778e-02 (s) 
Solve the equation by PCG with F as a preconditioner in    0 iterations, rel error: 1.0000e+00 
Solve the equation by PCG without preconditioners    in    5 iterations, rel error: 9.5751e-01 

rank_or_tol =

    96

N = 6561 
condition number estimation of A  : 3.8180e+11 
condition number estimation of ATA: 3.0004e+17 
condition number estimation of A1  : 2.2745e+11 
condition number estimation of ATA1: 7.2390e+18 
err between matrices: 2.1056e-08 
rank of hif:     96 
hifie_mv err: 1.8047e-01 
hifie_sv err/time: 8.5404e+01/9.3960e-01 (s) 
Solve the equation by PCG with F as a preconditioner in   30 iterations, rel error: 9.3999e-01 
Solve the equation by PCG without preconditioners    in    0 iterations, rel error: 1.0000e+00 
