
                            < M A T L A B (R) >
                  Copyright 1984-2020 The MathWorks, Inc.
              R2020a Update 2 (9.8.0.1380330) 64-bit (glnxa64)
                                May 5, 2020

 
To get started, type doc.
For product information, visit www.mathworks.com.
 

tol =

   1.0000e-12


kernel = 

    "4"


rank_or_tol =

   1.0000e-03


tol_sol =

   1.0000e-08


maxit =

   200


dims =

    16    25    36    49    64    72

N =  256 
condition number estimation of A  : 2.6115e+02 
condition number estimation of ATA: 6.8197e+04 
condition number estimation of A1  : 2.6115e+02 
condition number estimation of ATA1: 6.8197e+04 
err between matrices: 2.6878e-13 
hqr_mv   err: 1.1630e-03/1.9840e-02 (s) 
hqr_sv   err/time: 8.4632e-01/2.4939e-02 (s) 
Solve the equation by PCG with HQR as a preconditioner in   22 iterations, rel error: 4.5944e-04 
N =  625 
condition number estimation of A  : 3.1027e+02 
condition number estimation of ATA: 9.6270e+04 
condition number estimation of A1  : 3.1027e+02 
condition number estimation of ATA1: 9.6270e+04 
err between matrices: 3.4997e-13 
hqr_mv   err: 1.3709e-03/1.0085e-01 (s) 
hqr_sv   err/time: 2.3172e+00/4.9808e-02 (s) 
Solve the equation by PCG with HQR as a preconditioner in   16 iterations, rel error: 3.0843e-02 
N = 1296 
condition number estimation of A  : 3.4727e+02 
condition number estimation of ATA: 1.2059e+05 
condition number estimation of A1  : 3.4727e+02 
condition number estimation of ATA1: 1.2059e+05 
err between matrices: 1.0310e-11 
hqr_mv   err: 1.3103e-03/6.8604e-02 (s) 
hqr_sv   err/time: 8.9092e-02/1.0037e-01 (s) 
Solve the equation by PCG with HQR as a preconditioner in   10 iterations, rel error: 8.0405e-04 
N = 2401 
condition number estimation of A  : 3.7042e+02 
condition number estimation of ATA: 1.3721e+05 
condition number estimation of A1  : 3.7042e+02 
condition number estimation of ATA1: 1.3721e+05 
err between matrices: 8.6057e-13 
hqr_mv   err: 1.3253e-03/1.8094e-01 (s) 
hqr_sv   err/time: 6.2265e-01/2.2832e-01 (s) 
Solve the equation by PCG with HQR as a preconditioner in   26 iterations, rel error: 4.1028e-03 
N = 4096 
condition number estimation of A  : 3.8479e+02 
condition number estimation of ATA: 1.4806e+05 
condition number estimation of A1  : 3.8479e+02 
condition number estimation of ATA1: 1.4806e+05 
err between matrices: 1.6766e-12 
