
                            < M A T L A B (R) >
                  Copyright 1984-2020 The MathWorks, Inc.
              R2020a Update 2 (9.8.0.1380330) 64-bit (glnxa64)
                                May 5, 2020

 
To get started, type doc.
For product information, visit www.mathworks.com.
 

tol =

   1.0000e-14


kernel = 

    "3"


rank_or_tol =

   1.0000e-06


tol_sol =

   1.0000e-08


maxit =

    50


np =

     8


dims =

    16    25    36    49    64    81

N =  256 
condition number estimation of A  : 1.5706e+03 
condition number estimation of ATA: 2.4668e+06 
condition number estimation of A1  : 1.5706e+03 
condition number estimation of ATA1: 2.4668e+06 
err between matrices: 0.0000e+00 

err_app =

   9.6000e-16

hqr_mv err: 9.6000e-16 
hqr_sv err/time: 1.6902e-11/2.2196e-03 (s) 
Solve the equation by PCG with HQR as a preconditioner in    1 iterations, rel error: 3.1785e-11 
Solve the equation by PCG without preconditioners    in    3 iterations, rel error: 5.4753e-01 
N =  625 
condition number estimation of A  : 2.4700e+03 
condition number estimation of ATA: 6.1011e+06 
condition number estimation of A1  : 2.4700e+03 
condition number estimation of ATA1: 6.1011e+06 
err between matrices: 0.0000e+00 

err_app =

   1.1377e-15

hqr_mv err: 1.1377e-15 
hqr_sv err/time: 1.2920e-10/8.1126e-03 (s) 
Solve the equation by PCG with HQR as a preconditioner in    1 iterations, rel error: 2.1883e-11 
Solve the equation by PCG without preconditioners    in   48 iterations, rel error: 3.7912e-01 
N = 1296 
condition number estimation of A  : 9.2098e+03 
condition number estimation of ATA: 8.4821e+07 
condition number estimation of A1  : 2.7492e+03 
condition number estimation of ATA1: 7.5583e+06 
err between matrices: 4.5865e-01 

err_app =

   1.5464e-15

hqr_mv err: 1.5464e-15 
hqr_sv err/time: 2.5593e-09/9.2760e-02 (s) 
Solve the equation by PCG with HQR as a preconditioner in    1 iterations, rel error: 5.2123e-10 
Solve the equation by PCG without preconditioners    in   33 iterations, rel error: 4.8603e-01 
N = 2401 
condition number estimation of A  : 8.8450e+03 
condition number estimation of ATA: 7.8234e+07 
condition number estimation of A1  : 8.8450e+03 
condition number estimation of ATA1: 7.8234e+07 
err between matrices: 0.0000e+00 

err_app =

   1.7632e-15

hqr_mv err: 1.7632e-15 
hqr_sv err/time: 2.2840e-09/1.8728e+00 (s) 
Solve the equation by PCG with HQR as a preconditioner in    1 iterations, rel error: 3.1036e-10 
Solve the equation by PCG without preconditioners    in   48 iterations, rel error: 4.5597e-01 
N = 4096 
condition number estimation of A  : 2.3447e+04 
condition number estimation of ATA: 5.4976e+08 
condition number estimation of A1  : 4.5525e+03 
condition number estimation of ATA1: 2.0725e+07 
err between matrices: 2.3945e+00 

err_app =

   2.5568e-15

hqr_mv err: 2.5568e-15 
hqr_sv err/time: 1.3452e-09/7.4676e+00 (s) 
Solve the equation by PCG with HQR as a preconditioner in    1 iterations, rel error: 1.6329e-09 
Solve the equation by PCG without preconditioners    in    0 iterations, rel error: 1.0000e+00 
N = 6561 
condition number estimation of A  : 2.1502e+05 
condition number estimation of ATA: 4.6233e+10 
condition number estimation of A1  : 4.7764e+04 
condition number estimation of ATA1: 2.2814e+09 
err between matrices: 8.2807e+00 

err_app =

   2.9104e-15

hqr_mv err: 2.9104e-15 
hqr_sv err/time: 3.6057e-07/3.3968e+01 (s) 
[Warning: Input tol may not be achievable by PCG
         Try to use a bigger tolerance] 
[> In pcg (line 266)
  In FIOs_1D_inverse_qr (line 130)] 
Solve the equation by PCG with HQR as a preconditioner in    4 iterations, rel error: 1.3729e-08 
Solve the equation by PCG without preconditioners    in    0 iterations, rel error: 1.0000e+00 
