
                            < M A T L A B (R) >
                  Copyright 1984-2019 The MathWorks, Inc.
              R2019a Update 1 (9.6.0.1099231) 64-bit (glnxa64)
                               April 12, 2019

 
To get started, type doc.
For product information, visit www.mathworks.com.
 

tol =

   1.0000e-12


kernel = 

    "5"


rank_or_tol =

   1.0000e-03


tol_sol =

   1.0000e-08


maxit =

   200


dims =

    16    25    36    49    64    81

N =  256 
condition number estimation of A  : 4.5891e+00 
condition number estimation of ATA: 2.1059e+01 
condition number estimation of A1  : 4.5891e+00 
condition number estimation of ATA1: 2.1059e+01 
err between matrices: 3.1695e-13 
hqr_mv   err: 1.1352e-03/1.9873e-02 (s) 
hqr_sv   err/time: 2.0011e-03/2.2737e-02 (s) 
Solve the equation by PCG with HQR as a preconditioner in    3 iterations, rel error: 6.1795e-09 
N =  625 
condition number estimation of A  : 4.7905e+00 
condition number estimation of ATA: 2.2949e+01 
condition number estimation of A1  : 4.7905e+00 
condition number estimation of ATA1: 2.2949e+01 
err between matrices: 2.9723e-13 
hqr_mv   err: 1.0665e-03/4.1951e-02 (s) 
hqr_sv   err/time: 1.6571e-03/4.6688e-02 (s) 
Solve the equation by PCG with HQR as a preconditioner in    3 iterations, rel error: 3.1745e-09 
N = 1296 
condition number estimation of A  : 4.8433e+00 
condition number estimation of ATA: 2.3458e+01 
condition number estimation of A1  : 4.8433e+00 
condition number estimation of ATA1: 2.3458e+01 
err between matrices: 7.4686e-11 
hqr_mv   err: 6.8763e-04/6.2748e-02 (s) 
hqr_sv   err/time: 5.8761e-04/7.1533e-02 (s) 
Solve the equation by PCG with HQR as a preconditioner in    3 iterations, rel error: 1.5578e-09 
N = 2401 
condition number estimation of A  : 4.8572e+00 
condition number estimation of ATA: 2.3592e+01 
condition number estimation of A1  : 4.8572e+00 
condition number estimation of ATA1: 2.3592e+01 
err between matrices: 5.9518e-13 
hqr_mv   err: 1.1459e-03/1.9206e-01 (s) 
hqr_sv   err/time: 1.8907e-03/1.6407e-01 (s) 
Solve the equation by PCG with HQR as a preconditioner in    3 iterations, rel error: 4.6795e-09 
N = 4096 
condition number estimation of A  : 4.8613e+00 
condition number estimation of ATA: 2.3632e+01 
condition number estimation of A1  : 4.8613e+00 
condition number estimation of ATA1: 2.3632e+01 
err between matrices: 3.1884e-12 
hqr_mv   err: 1.0685e-03/4.8618e-01 (s) 
hqr_sv   err/time: 2.0064e-03/5.5524e-01 (s) 
Solve the equation by PCG with HQR as a preconditioner in    3 iterations, rel error: 7.1384e-09 
N = 6561 
condition number estimation of A  : 4.8627e+00 
condition number estimation of ATA: 2.3646e+01 
condition number estimation of A1  : 4.8627e+00 
condition number estimation of ATA1: 2.3646e+01 
err between matrices: 1.8153e-11 
hqr_mv   err: 5.4578e-04/7.5442e-01 (s) 
hqr_sv   err/time: 4.0750e-04/8.7720e-01 (s) 
Solve the equation by PCG with HQR as a preconditioner in    3 iterations, rel error: 1.0478e-09 
[Warning: Ignoring extra legend entries.] 
[> In legend>process_inputs (line 578)
  In legend>make_legend (line 322)
  In legend (line 273)
  In scaling_hqr (line 213)] 
