
                            < M A T L A B (R) >
                  Copyright 1984-2020 The MathWorks, Inc.
              R2020a Update 2 (9.8.0.1380330) 64-bit (glnxa64)
                                May 5, 2020

 
To get started, type doc.
For product information, visit www.mathworks.com.
 

tol =

   1.0000e-14


kernel = 

    "2"


rank_or_tol =

   1.0000e-06


tol_sol =

   1.0000e-08


maxit =

    50


np =

     8


dims =

    16    25    36    49    64    81

N =  256 
condition number estimation of A  : 4.7216e+07 
condition number estimation of ATA: 2.3537e+15 
condition number estimation of A1  : 4.7216e+07 
condition number estimation of ATA1: 2.0071e+15 
err between matrices: 2.5068e-15 

err_app =

   5.0614e-16

hqr_mv err: 5.0614e-16 
hqr_sv err/time: 6.1959e-02/4.6530e-03 (s) 
[Warning: Input tol may not be achievable by PCG
         Try to use a bigger tolerance] 
[> In pcg (line 266)
  In FIOs_1D_inverse_qr (line 130)] 
Solve the equation by PCG with HQR as a preconditioner in   11 iterations, rel error: 1.4703e-02 
Solve the equation by PCG without preconditioners    in   47 iterations, rel error: 5.4041e-02 
N =  625 
condition number estimation of A  : 3.7472e+15 
condition number estimation of ATA: 1.2466e+17 
condition number estimation of A1  : 4.1996e+15 
condition number estimation of ATA1: 1.2393e+17 
err between matrices: 2.9839e-15 

err_app =

   6.1554e-16

hqr_mv err: 6.1554e-16 
hqr_sv err/time: 1.4893e+00/7.3928e-03 (s) 
Solve the equation by PCG with HQR as a preconditioner in    1 iterations, rel error: 7.7151e-01 
Solve the equation by PCG without preconditioners    in    2 iterations, rel error: 1.2915e-01 
N = 1296 
condition number estimation of A  : 5.1798e+14 
condition number estimation of ATA: 9.0252e+16 
condition number estimation of A1  : 1.2344e+15 
condition number estimation of ATA1: 1.9595e+17 
err between matrices: 1.0035e-11 

err_app =

   6.4244e-16

hqr_mv err: 6.4244e-16 
hqr_sv err/time: 2.6081e+01/7.9392e-02 (s) 
Solve the equation by PCG with HQR as a preconditioner in    0 iterations, rel error: 1.0000e+00 
Solve the equation by PCG without preconditioners    in    2 iterations, rel error: 2.0071e-01 
N = 2401 
condition number estimation of A  : 2.2074e+15 
condition number estimation of ATA: 2.0946e+17 
condition number estimation of A1  : 2.1083e+15 
condition number estimation of ATA1: 9.5082e+17 
err between matrices: 1.4955e-14 

err_app =

   6.2998e-16

hqr_mv err: 6.2998e-16 
hqr_sv err/time: 1.9551e+01/1.6370e+00 (s) 
Solve the equation by PCG with HQR as a preconditioner in    0 iterations, rel error: 1.0000e+00 
Solve the equation by PCG without preconditioners    in    2 iterations, rel error: 8.9104e-02 
N = 4096 
condition number estimation of A  : 6.4019e+14 
condition number estimation of ATA: 5.7799e+16 
condition number estimation of A1  : 1.9883e+15 
condition number estimation of ATA1: 1.2305e+17 
err between matrices: 1.7054e-11 

err_app =

   6.4163e-16

hqr_mv err: 6.4163e-16 
hqr_sv err/time: 1.5428e+01/7.7633e+00 (s) 
Solve the equation by PCG with HQR as a preconditioner in    0 iterations, rel error: 1.0000e+00 
Solve the equation by PCG without preconditioners    in    1 iterations, rel error: 3.0831e-01 
N = 6561 
condition number estimation of A  : 3.3508e+15 
condition number estimation of ATA: 1.0880e+17 
condition number estimation of A1  : 2.1415e+15 
condition number estimation of ATA1: 2.8911e+17 
err between matrices: 1.0546e-09 

err_app =

   7.8447e-16

hqr_mv err: 7.8447e-16 
hqr_sv err/time: 2.6918e+01/3.3825e+01 (s) 
Solve the equation by PCG with HQR as a preconditioner in    0 iterations, rel error: 1.0000e+00 
Solve the equation by PCG without preconditioners    in    1 iterations, rel error: 3.2226e-01 
