
                            < M A T L A B (R) >
                  Copyright 1984-2020 The MathWorks, Inc.
              R2020a Update 2 (9.8.0.1380330) 64-bit (glnxa64)
                                May 5, 2020

 
To get started, type doc.
For product information, visit www.mathworks.com.
 

tol =

   1.0000e-12


kernel = 

    "2"


rank_or_tol =

   1.0000e-03


tol_sol =

   1.0000e-08


maxit =

   200


dims =

    16    25    36    49    64    72

N =  256 
condition number estimation of A  : 1.2616e+01 
condition number estimation of ATA: 1.5916e+02 
condition number estimation of A1  : 1.2616e+01 
condition number estimation of ATA1: 1.5916e+02 
err between matrices: 2.2160e-13 
hqr_mv   err: 1.6301e-04/1.4455e-02 (s) 
hqr_sv   err/time: 1.2912e-03/1.7799e-02 (s) 
Solve the equation by PCG with HQR as a preconditioner in    3 iterations, rel error: 1.2208e-09 
N =  625 
condition number estimation of A  : 2.4058e+03 
condition number estimation of ATA: 5.7876e+06 
condition number estimation of A1  : 2.4058e+03 
condition number estimation of ATA1: 5.7876e+06 
err between matrices: 3.4963e-13 
