
                            < M A T L A B (R) >
                  Copyright 1984-2020 The MathWorks, Inc.
              R2020a Update 2 (9.8.0.1380330) 64-bit (glnxa64)
                                May 5, 2020

 
To get started, type doc.
For product information, visit www.mathworks.com.
 

tol =

   1.0000e-14


kernel = 

    "5"


rank_or_tol =

   1.0000e-06


tol_sol =

   1.0000e-08


maxit =

    50


np =

     8


dims =

    16    25    36    49    64    81

N =  256 
condition number estimation of A  : 1.0401e+00 
condition number estimation of ATA: 1.0818e+00 
condition number estimation of A1  : 1.0401e+00 
condition number estimation of ATA1: 1.0818e+00 
err between matrices: 2.1983e-15 
rank of hif:     36 
hifie_mv err: 1.6668e-09 
hifie_sv err/time: 3.8793e-10/1.4386e-02 (s) 
Solve the equation by PCG with F as a preconditioner in    1 iterations, rel error: 4.4298e-10 
Solve the equation by PCG without preconditioners    in    5 iterations, rel error: 2.4401e-09 
N =  625 
condition number estimation of A  : 1.0401e+00 
condition number estimation of ATA: 1.0818e+00 
condition number estimation of A1  : 1.0401e+00 
condition number estimation of ATA1: 1.0818e+00 
err between matrices: 4.6731e-15 
rank of hif:     52 
hifie_mv err: 5.6078e-09 
hifie_sv err/time: 1.0459e-09/5.1148e-03 (s) 
Solve the equation by PCG with F as a preconditioner in    1 iterations, rel error: 1.2227e-09 
Solve the equation by PCG without preconditioners    in    5 iterations, rel error: 2.3783e-09 
N = 1296 
condition number estimation of A  : 1.0401e+00 
condition number estimation of ATA: 1.0818e+00 
condition number estimation of A1  : 1.0401e+00 
condition number estimation of ATA1: 1.0818e+00 
err between matrices: 6.8483e-11 
rank of hif:     74 
hifie_mv err: 1.6393e-08 
hifie_sv err/time: 5.8867e-10/9.1100e-03 (s) 
Solve the equation by PCG with F as a preconditioner in    1 iterations, rel error: 9.3600e-10 
Solve the equation by PCG without preconditioners    in    5 iterations, rel error: 2.1702e-09 
N = 2401 
condition number estimation of A  : 1.0401e+00 
condition number estimation of ATA: 1.0818e+00 
condition number estimation of A1  : 1.0401e+00 
condition number estimation of ATA1: 1.0818e+00 
err between matrices: 2.3048e-14 
rank of hif:    100 
hifie_mv err: 5.6640e-09 
hifie_sv err/time: 1.1505e-09/1.9725e-02 (s) 
Solve the equation by PCG with F as a preconditioner in    1 iterations, rel error: 1.1110e-09 
Solve the equation by PCG without preconditioners    in    5 iterations, rel error: 2.2438e-09 
N = 4096 
condition number estimation of A  : 1.0401e+00 
condition number estimation of ATA: 1.0818e+00 
condition number estimation of A1  : 1.0401e+00 
condition number estimation of ATA1: 1.0818e+00 
err between matrices: 2.0130e-11 
rank of hif:    131 
hifie_mv err: 3.6855e-08 
hifie_sv err/time: 2.1411e-09/4.4948e-02 (s) 
Solve the equation by PCG with F as a preconditioner in    1 iterations, rel error: 2.3493e-09 
Solve the equation by PCG without preconditioners    in    5 iterations, rel error: 2.2087e-09 
N = 6561 
condition number estimation of A  : 1.0401e+00 
condition number estimation of ATA: 1.0818e+00 
condition number estimation of A1  : 1.0401e+00 
condition number estimation of ATA1: 1.0818e+00 
err between matrices: 2.9021e-10 
rank of hif:    164 
hifie_mv err: 6.7641e-08 
hifie_sv err/time: 3.5481e-09/6.0063e-02 (s) 
Solve the equation by PCG with F as a preconditioner in    1 iterations, rel error: 3.5838e-09 
Solve the equation by PCG without preconditioners    in    5 iterations, rel error: 2.1898e-09 
